<?xml version="1.0" encoding="UTF-8"?>
<!-- Generated by org.testng.reporters.JUnitReportReporter -->
<testsuite hostname="DESKTOP-C28O1GT" failures="0" tests="1" name="com.toturialsninja.qa.testcases.AddProductToCart" time="7.536" errors="0" timestamp="2024-01-04T23:29:27 PST" skipped="0">
  <testcase classname="com.toturialsninja.qa.testcases.AddProductToCart" name="addProductToTheCart" time="7.536"/>
</testsuite> <!-- com.toturialsninja.qa.testcases.AddProductToCart -->
