<?xml version="1.0" encoding="UTF-8"?>
<!-- Generated by org.testng.reporters.JUnitReportReporter -->
<testsuite hostname="DESKTOP-C28O1GT" failures="0" tests="1" name="com.toturialsninja.qa.TestCases.NavigateToHomePage" time="5.101" errors="0" timestamp="10 Jan 2024 16:19:46 GMT" skipped="0">
  <testcase classname="com.toturialsninja.qa.TestCases.NavigateToHomePage" name="navigateToHomePage" time="5.101"/>
</testsuite> <!-- com.toturialsninja.qa.TestCases.NavigateToHomePage -->
