<?xml version="1.0" encoding="UTF-8"?>
<!-- Generated by org.testng.reporters.JUnitReportReporter -->
<testsuite hostname="DESKTOP-C28O1GT" failures="0" tests="1" name="com.toturialsninja.qa.testcases.CheckOut" time="12.420" errors="0" timestamp="2024-01-08T23:34:40 PST" skipped="0">
  <testcase classname="com.toturialsninja.qa.testcases.CheckOut" name="checkOutOfThePtoduct" time="12.420"/>
</testsuite> <!-- com.toturialsninja.qa.testcases.CheckOut -->
