<?xml version="1.0" encoding="UTF-8"?>
<!-- Generated by org.testng.reporters.JUnitReportReporter -->
<testsuite hostname="DESKTOP-C28O1GT" failures="0" tests="1" name="com.toturialsninja.qa.testcases.RegisterTest" time="7.032" errors="0" timestamp="2023-12-19T23:32:13 PST" skipped="0">
  <testcase classname="com.toturialsninja.qa.testcases.RegisterTest" name="tutorialsninjaRegistrationWithValidCredentials" time="7.032"/>
</testsuite> <!-- com.toturialsninja.qa.testcases.RegisterTest -->
