<?xml version="1.0" encoding="UTF-8"?>
<!-- Generated by org.testng.reporters.JUnitReportReporter -->
<testsuite hostname="DESKTOP-C28O1GT" failures="0" tests="1" name="com.tutorialsninja.qa.TestCases.RegisterTest" time="18.578" errors="0" timestamp="11 Jan 2024 01:46:12 GMT" skipped="0">
  <testcase classname="com.tutorialsninja.qa.TestCases.RegisterTest" name="verifyRegisterWithMandatoryFields" time="18.578"/>
</testsuite> <!-- com.tutorialsninja.qa.TestCases.RegisterTest -->
